<?xml version="1.0" encoding="UTF-8"?>
<!-- Generated by org.testng.reporters.JUnitXMLReporter -->
<testsuite hostname="DESKTOP-QQHIPVQ" ignored="0" name="Loan" tests="9" failures="1" timestamp="31 Mar 2021 06:48:55 GMT" time="0.092" errors="0">
  <testcase name="addition" time="0.009" classname="Test.Day1"/>
  <testcase name="demo" time="0.003" classname="Test.Day1"/>
  <testcase name="personalLoan" time="0.003" classname="Test.Day2"/>
  <testcase name="LoginAPICarLoan" time="0.0" classname="Test.Day3">
    <failure type="org.testng.TestNGException" message="
Parameter &amp;apos;URL&amp;apos; is required by @Test on method LoginAPICarLoan but has not been marked @Optional or defined
in D:\Debayan\Workspace\Eclipse\TestNGTutorial\testng2.xml">
      <![CDATA[org.testng.TestNGException: 
Parameter 'URL' is required by @Test on method LoginAPICarLoan but has not been marked @Optional or defined
in D:\Debayan\Workspace\Eclipse\TestNGTutorial\testng2.xml
... Removed 23 stack frames]]>
    </failure>
  </testcase> <!-- LoginAPICarLoan -->
  <testcase name="MobileLoginCarLoan" time="0.004" classname="Test.Day3"/>
  <testcase name="WebLoginCarLoan" time="0.0" classname="Test.Day3">
    <skipped/>
  </testcase> <!-- WebLoginCarLoan -->
  <testcase name="LoginAPIHomeLoan" time="0.006" classname="Test.Day4"/>
  <testcase name="MobileLoginHomeLoan" time="0.001" classname="Test.Day4"/>
  <testcase name="WebLoginHomeLoan" time="0.002" classname="Test.Day4"/>
</testsuite> <!-- Loan -->
