<?xml version="1.0" encoding="UTF-8"?>
<!-- Generated by org.testng.reporters.JUnitReportReporter -->
<testsuite name="Test.Day3" tests="3" time="0.005" ignored="0" failures="0" timestamp="31 Mar 2021 06:48:56 GMT" skipped="1" hostname="DESKTOP-QQHIPVQ" errors="1">
  <testcase name="LoginAPICarLoan" time="0.001" classname="Test.Day3">
    <error type="org.testng.TestNGException" message="
Parameter &#039;URL&#039; is required by @Test on method LoginAPICarLoan but has not been marked @Optional or defined
in D:\Debayan\Workspace\Eclipse\TestNGTutorial\testng2.xml">
      <![CDATA[org.testng.TestNGException: 
Parameter 'URL' is required by @Test on method LoginAPICarLoan but has not been marked @Optional or defined
in D:\Debayan\Workspace\Eclipse\TestNGTutorial\testng2.xml
	at org.testng.internal.Parameters.createParameters(Parameters.java:199)
	at org.testng.internal.Parameters.createParameters(Parameters.java:443)
	at org.testng.internal.Parameters.handleParameters(Parameters.java:568)
	at org.testng.internal.Invoker.handleParameters(Invoker.java:1293)
	at org.testng.internal.Invoker.createParameters(Invoker.java:1020)
	at org.testng.internal.Invoker.invokeTestMethods(Invoker.java:1110)
	at org.testng.internal.TestMethodWorker.invokeTestMethods(TestMethodWorker.java:129)
	at org.testng.internal.TestMethodWorker.run(TestMethodWorker.java:112)
	at org.testng.TestRunner.privateRun(TestRunner.java:756)
	at org.testng.TestRunner.run(TestRunner.java:610)
	at org.testng.SuiteRunner.runTest(SuiteRunner.java:387)
	at org.testng.SuiteRunner.runSequentially(SuiteRunner.java:382)
	at org.testng.SuiteRunner.privateRun(SuiteRunner.java:340)
	at org.testng.SuiteRunner.run(SuiteRunner.java:289)
	at org.testng.SuiteRunnerWorker.runSuite(SuiteRunnerWorker.java:52)
	at org.testng.SuiteRunnerWorker.run(SuiteRunnerWorker.java:86)
	at org.testng.TestNG.runSuitesSequentially(TestNG.java:1293)
	at org.testng.TestNG.runSuitesLocally(TestNG.java:1218)
	at org.testng.TestNG.runSuites(TestNG.java:1133)
	at org.testng.TestNG.run(TestNG.java:1104)
	at org.testng.remote.AbstractRemoteTestNG.run(AbstractRemoteTestNG.java:132)
	at org.testng.remote.RemoteTestNG.initAndRun(RemoteTestNG.java:236)
	at org.testng.remote.RemoteTestNG.main(RemoteTestNG.java:81)
]]>
    </error>
  </testcase> <!-- LoginAPICarLoan -->
  <testcase name="WebLoginCarLoan" time="0.000" classname="Test.Day3">
    <skipped/>
  </testcase> <!-- WebLoginCarLoan -->
  <testcase name="MobileLoginCarLoan" time="0.004" classname="Test.Day3"/>
</testsuite> <!-- Test.Day3 -->
